Using pre-set license
Built from '2021.1/staging' branch; Version is '2021.1.2f1 (e5d502d80fbb) revision 15062274'; Using compiler version '192528614'; Build Type 'Release'
OS: 'Windows 10 Pro; OS build 16299.15; Version 1709; 64bit' Language: 'en' Physical Memory: 16326 MB
BatchMode: 1, IsHumanControllingUs: 0, StartBugReporterOnCrash: 0, Is64bit: 1, IsPro: 0

 COMMAND LINE ARGUMENTS:
C:\Program Files\Unity\Hub\Editor\2021.1.2f1\Editor\Unity.exe
-adb2
-batchMode
-noUpm
-name
AssetImportWorker35
-projectPath
E:/Unity/Projects/UnityLearn/VersionControlGitHub2
-logFile
Logs/AssetImportWorker35.log
-srvPort
56546
Successfully changed project path to: E:/Unity/Projects/UnityLearn/VersionControlGitHub2
E:/Unity/Projects/UnityLearn/VersionControlGitHub2
Using Asset Import Pipeline V2.
Refreshing native plugins compatible for Editor in 5342.63 ms, found 0 plugins.
Preloading 0 native plugins for Editor in 0.00 ms.
Initialize engine version: 2021.1.2f1 (e5d502d80fbb)
[Subsystems] Discovering subsystems at path C:/Program Files/Unity/Hub/Editor/2021.1.2f1/Editor/Data/Resources/UnitySubsystems
[Subsystems] Discovering subsystems at path E:/Unity/Projects/UnityLearn/VersionControlGitHub2/Assets
GfxDevice: creating device client; threaded=0; jobified=0
